0 info it worked if it ends with ok
1 verbose cli [ 'C:\\Program Files\\nodejs\\\\node.exe',
1 verbose cli   'C:\\Program Files\\nodejs\\node_modules\\npm\\bin\\npm-cli.js',
1 verbose cli   'link' ]
2 info using npm@1.4.28
3 info using node@v0.10.32
4 verbose node symlink C:\Program Files\nodejs\\node.exe
5 verbose linkPkg C:\Git\AjGenesisNode
6 verbose link build target C:\Users\Administrator\AppData\Roaming\npm\node_modules\ajgenesis
7 verbose install where,what [ 'C:\\Git\\AjGenesisNode', [] ]
8 verbose readDependencies using package.json deps
9 verbose install where, deps [ 'C:\\Git\\AjGenesisNode',
9 verbose install   [ 'simpletpl', 'simplejson', 'simpleunit' ] ]
10 info preinstall ajgenesis@0.0.13
11 verbose readDependencies using package.json deps
12 verbose already installed skipping simpletpl@0.0.2 C:\Git\AjGenesisNode
13 verbose already installed skipping simplejson@0.0.2 C:\Git\AjGenesisNode
14 verbose cache add [ 'simpleunit@0.0.7', null ]
15 verbose cache add name=undefined spec="simpleunit@0.0.7" args=["simpleunit@0.0.7",null]
16 verbose parsed url { protocol: null,
16 verbose parsed url   slashes: null,
16 verbose parsed url   auth: null,
16 verbose parsed url   host: null,
16 verbose parsed url   port: null,
16 verbose parsed url   hostname: null,
16 verbose parsed url   hash: null,
16 verbose parsed url   search: null,
16 verbose parsed url   query: null,
16 verbose parsed url   pathname: 'simpleunit@0.0.7',
16 verbose parsed url   path: 'simpleunit@0.0.7',
16 verbose parsed url   href: 'simpleunit@0.0.7' }
17 verbose cache add name="simpleunit" spec="0.0.7" args=["simpleunit","0.0.7"]
18 verbose parsed url { protocol: null,
18 verbose parsed url   slashes: null,
18 verbose parsed url   auth: null,
18 verbose parsed url   host: null,
18 verbose parsed url   port: null,
18 verbose parsed url   hostname: null,
18 verbose parsed url   hash: null,
18 verbose parsed url   search: null,
18 verbose parsed url   query: null,
18 verbose parsed url   pathname: '0.0.7',
18 verbose parsed url   path: '0.0.7',
18 verbose parsed url   href: '0.0.7' }
19 verbose addNamed [ 'simpleunit', '0.0.7' ]
20 verbose addNamed [ '0.0.7', '0.0.7' ]
21 silly lockFile a1a9815f-simpleunit-0-0-7 simpleunit@0.0.7
22 verbose lock simpleunit@0.0.7 C:\Users\Administrator\AppData\Roaming\npm-cache\a1a9815f-simpleunit-0-0-7.lock
23 verbose request where is /simpleunit
24 verbose request registry https://registry.npmjs.org/
25 verbose request id c6d8eeb01085fea4
26 verbose url raw /simpleunit
27 verbose url resolving [ 'https://registry.npmjs.org/', './simpleunit' ]
28 verbose url resolved https://registry.npmjs.org/simpleunit
29 verbose request where is https://registry.npmjs.org/simpleunit
30 info trying registry request attempt 1 at 06:43:47
31 verbose etag "7M77F9JFYP79E61A08VGKLB9L"
32 http GET https://registry.npmjs.org/simpleunit
33 http 304 https://registry.npmjs.org/simpleunit
34 silly registry.get cb [ 304,
34 silly registry.get   { date: 'Thu, 24 Dec 2015 09:43:29 GMT',
34 silly registry.get     via: '1.1 varnish',
34 silly registry.get     'cache-control': 'max-age=300',
34 silly registry.get     etag: '"7M77F9JFYP79E61A08VGKLB9L"',
34 silly registry.get     age: '0',
34 silly registry.get     connection: 'keep-alive',
34 silly registry.get     'x-served-by': 'cache-atl6220-ATL',
34 silly registry.get     'x-cache': 'MISS',
34 silly registry.get     'x-cache-hits': '0',
34 silly registry.get     'x-timer': 'S1450950209.124360,VS0,VE343',
34 silly registry.get     vary: 'Accept' } ]
35 verbose etag https://registry.npmjs.org/simpleunit from cache
36 silly lockFile a1a9815f-simpleunit-0-0-7 simpleunit@0.0.7
37 silly lockFile a1a9815f-simpleunit-0-0-7 simpleunit@0.0.7
38 silly resolved [ { name: 'simpleunit',
38 silly resolved     description: 'Simple test framework for JavaScript/Node.js',
38 silly resolved     keywords: [ 'test', 'javascript', 'node', 'framework' ],
38 silly resolved     version: '0.0.7',
38 silly resolved     author:
38 silly resolved      { name: 'Angel \'Java\' Lopez',
38 silly resolved        email: 'webmaster@ajlopez.com',
38 silly resolved        url: 'http://www.ajlopez.com' },
38 silly resolved     repository: { type: 'git', url: 'git://github.com/ajlopez/SimpleUnit.git' },
38 silly resolved     main: './lib/simpleunit.js',
38 silly resolved     engines: { node: '>= 0.10.0' },
38 silly resolved     scripts: { test: 'node ./test.js' },
38 silly resolved     bin: { simpleunit: './bin/simpleunit' },
38 silly resolved     dependencies: { colors: '0.6.x' },
38 silly resolved     devDependencies: {},
38 silly resolved     gitHead: '35df70bc0825d1121f7912e0af474330c69a9dc5',
38 silly resolved     bugs: { url: 'https://github.com/ajlopez/SimpleUnit/issues' },
38 silly resolved     homepage: 'https://github.com/ajlopez/SimpleUnit#readme',
38 silly resolved     _id: 'simpleunit@0.0.7',
38 silly resolved     _shasum: 'bccefa63078abc3643b5bc0f3a7618163807d2bc',
38 silly resolved     _from: 'simpleunit@0.0.7',
38 silly resolved     _npmVersion: '2.14.7',
38 silly resolved     _nodeVersion: '4.2.2',
38 silly resolved     _npmUser: { name: 'ajlopez', email: 'webmaster@ajlopez.com' },
38 silly resolved     maintainers: [ [Object] ],
38 silly resolved     dist:
38 silly resolved      { shasum: 'bccefa63078abc3643b5bc0f3a7618163807d2bc',
38 silly resolved        tarball: 'http://registry.npmjs.org/simpleunit/-/simpleunit-0.0.7.tgz' },
38 silly resolved     directories: {},
38 silly resolved     _resolved: 'https://registry.npmjs.org/simpleunit/-/simpleunit-0.0.7.tgz',
38 silly resolved     readme: 'ERROR: No README data found!' } ]
39 info install simpleunit@0.0.7 into C:\Git\AjGenesisNode
40 info installOne simpleunit@0.0.7
41 verbose node_modules\simpleunit unbuild
42 verbose tar unpack C:\Users\Administrator\AppData\Roaming\npm-cache\simpleunit\0.0.7\package.tgz
43 silly lockFile 9860d7b5-esisNode-node-modules-simpleunit tar://C:\Git\AjGenesisNode\node_modules\simpleunit
44 verbose lock tar://C:\Git\AjGenesisNode\node_modules\simpleunit C:\Users\Administrator\AppData\Roaming\npm-cache\9860d7b5-esisNode-node-modules-simpleunit.lock
45 silly lockFile cbcac8a2-che-simpleunit-0-0-7-package-tgz tar://C:\Users\Administrator\AppData\Roaming\npm-cache\simpleunit\0.0.7\package.tgz
46 verbose lock tar://C:\Users\Administrator\AppData\Roaming\npm-cache\simpleunit\0.0.7\package.tgz C:\Users\Administrator\AppData\Roaming\npm-cache\cbcac8a2-che-simpleunit-0-0-7-package-tgz.lock
47 silly gunzTarPerm modes [ '777', '666' ]
48 silly gunzTarPerm extractEntry package.json
49 silly gunzTarPerm extractEntry .npmignore
50 silly gunzTarPerm extractEntry README.md
51 silly gunzTarPerm extractEntry LICENSE
52 silly gunzTarPerm extractEntry test.js
53 silly gunzTarPerm extractEntry simple.js
54 silly gunzTarPerm extractEntry test/test.js
55 silly gunzTarPerm extractEntry test/testfile.js
56 silly gunzTarPerm extractEntry test/files/asyncfunction.js
57 silly gunzTarPerm extractEntry test/files/onefunction.js
58 silly gunzTarPerm extractEntry test/files/twofunctions.js
59 silly gunzTarPerm extractEntry test/files/subdir/threefunctions.js
60 silly gunzTarPerm extractEntry bin/simpleunit
61 silly gunzTarPerm extractEntry lib/simpleunit.js
62 silly gunzTarPerm extractEntry lib/test.js
63 silly lockFile 9860d7b5-esisNode-node-modules-simpleunit tar://C:\Git\AjGenesisNode\node_modules\simpleunit
64 silly lockFile 9860d7b5-esisNode-node-modules-simpleunit tar://C:\Git\AjGenesisNode\node_modules\simpleunit
65 silly lockFile cbcac8a2-che-simpleunit-0-0-7-package-tgz tar://C:\Users\Administrator\AppData\Roaming\npm-cache\simpleunit\0.0.7\package.tgz
66 silly lockFile cbcac8a2-che-simpleunit-0-0-7-package-tgz tar://C:\Users\Administrator\AppData\Roaming\npm-cache\simpleunit\0.0.7\package.tgz
67 info preinstall simpleunit@0.0.7
68 verbose readDependencies using package.json deps
69 verbose readDependencies using package.json deps
70 verbose cache add [ 'colors@0.6.x', null ]
71 verbose cache add name=undefined spec="colors@0.6.x" args=["colors@0.6.x",null]
72 verbose parsed url { protocol: null,
72 verbose parsed url   slashes: null,
72 verbose parsed url   auth: null,
72 verbose parsed url   host: null,
72 verbose parsed url   port: null,
72 verbose parsed url   hostname: null,
72 verbose parsed url   hash: null,
72 verbose parsed url   search: null,
72 verbose parsed url   query: null,
72 verbose parsed url   pathname: 'colors@0.6.x',
72 verbose parsed url   path: 'colors@0.6.x',
72 verbose parsed url   href: 'colors@0.6.x' }
73 verbose cache add name="colors" spec="0.6.x" args=["colors","0.6.x"]
74 verbose parsed url { protocol: null,
74 verbose parsed url   slashes: null,
74 verbose parsed url   auth: null,
74 verbose parsed url   host: null,
74 verbose parsed url   port: null,
74 verbose parsed url   hostname: null,
74 verbose parsed url   hash: null,
74 verbose parsed url   search: null,
74 verbose parsed url   query: null,
74 verbose parsed url   pathname: '0.6.x',
74 verbose parsed url   path: '0.6.x',
74 verbose parsed url   href: '0.6.x' }
75 verbose addNamed [ 'colors', '0.6.x' ]
76 verbose addNamed [ null, '>=0.6.0-0 <0.7.0-0' ]
77 silly lockFile 65d14de3-colors-0-6-x colors@0.6.x
78 verbose lock colors@0.6.x C:\Users\Administrator\AppData\Roaming\npm-cache\65d14de3-colors-0-6-x.lock
79 silly addNameRange { name: 'colors', range: '>=0.6.0-0 <0.7.0-0', hasData: false }
80 verbose request where is /colors
81 verbose request registry https://registry.npmjs.org/
82 verbose url raw /colors
83 verbose url resolving [ 'https://registry.npmjs.org/', './colors' ]
84 verbose url resolved https://registry.npmjs.org/colors
85 verbose request where is https://registry.npmjs.org/colors
86 info trying registry request attempt 1 at 06:43:50
87 verbose etag "8WR2YP37OWZGY7XW5D4PG6M19"
88 http GET https://registry.npmjs.org/colors
89 http 200 https://registry.npmjs.org/colors
90 silly registry.get cb [ 200,
90 silly registry.get   { server: 'CouchDB/1.5.0 (Erlang OTP/R16B03)',
90 silly registry.get     etag: '"7MWE8VPMLB2F9SX8HFBGJQAZD"',
90 silly registry.get     'content-type': 'application/json',
90 silly registry.get     'cache-control': 'max-age=300',
90 silly registry.get     'content-length': '20501',
90 silly registry.get     'accept-ranges': 'bytes',
90 silly registry.get     date: 'Thu, 24 Dec 2015 09:43:30 GMT',
90 silly registry.get     via: '1.1 varnish',
90 silly registry.get     age: '160',
90 silly registry.get     connection: 'keep-alive',
90 silly registry.get     'x-served-by': 'cache-atl6230-ATL',
90 silly registry.get     'x-cache': 'HIT',
90 silly registry.get     'x-cache-hits': '6',
90 silly registry.get     'x-timer': 'S1450950210.636935,VS0,VE0',
90 silly registry.get     vary: 'Accept' } ]
91 silly addNameRange number 2 { name: 'colors', range: '>=0.6.0-0 <0.7.0-0', hasData: true }
92 silly addNameRange versions [ 'colors',
92 silly addNameRange   [ '0.3.0',
92 silly addNameRange     '0.5.0',
92 silly addNameRange     '0.5.1',
92 silly addNameRange     '0.6.0',
92 silly addNameRange     '0.6.0-1',
92 silly addNameRange     '0.6.1',
92 silly addNameRange     '0.6.2',
92 silly addNameRange     '1.0.0',
92 silly addNameRange     '1.0.1',
92 silly addNameRange     '1.0.2',
92 silly addNameRange     '1.0.3',
92 silly addNameRange     '1.1.0',
92 silly addNameRange     '1.1.1',
92 silly addNameRange     '1.1.2' ] ]
93 verbose addNamed [ 'colors', '0.6.2' ]
94 verbose addNamed [ '0.6.2', '0.6.2' ]
95 silly lockFile 1ce149d5-colors-0-6-2 colors@0.6.2
96 verbose lock colors@0.6.2 C:\Users\Administrator\AppData\Roaming\npm-cache\1ce149d5-colors-0-6-2.lock
97 silly lockFile 1ce149d5-colors-0-6-2 colors@0.6.2
98 silly lockFile 1ce149d5-colors-0-6-2 colors@0.6.2
99 silly lockFile 65d14de3-colors-0-6-x colors@0.6.x
100 silly lockFile 65d14de3-colors-0-6-x colors@0.6.x
101 silly resolved [ { name: 'colors',
101 silly resolved     description: 'get colors in your node.js console like what',
101 silly resolved     version: '0.6.2',
101 silly resolved     author: { name: 'Marak Squires' },
101 silly resolved     homepage: 'https://github.com/Marak/colors.js',
101 silly resolved     bugs: { url: 'https://github.com/Marak/colors.js/issues' },
101 silly resolved     keywords: [ 'ansi', 'terminal', 'colors' ],
101 silly resolved     repository: { type: 'git', url: 'http://github.com/Marak/colors.js.git' },
101 silly resolved     engines: { node: '>=0.1.90' },
101 silly resolved     main: 'colors',
101 silly resolved     _id: 'colors@0.6.2',
101 silly resolved     dist:
101 silly resolved      { shasum: '2423fe6678ac0c5dae8852e5d0e5be08c997abcc',
101 silly resolved        tarball: 'http://registry.npmjs.org/colors/-/colors-0.6.2.tgz' },
101 silly resolved     _from: 'colors@0.6.x',
101 silly resolved     _npmVersion: '1.2.30',
101 silly resolved     _npmUser: { name: 'marak', email: 'marak.squires@gmail.com' },
101 silly resolved     maintainers: [ [Object] ],
101 silly resolved     directories: {},
101 silly resolved     _shasum: '2423fe6678ac0c5dae8852e5d0e5be08c997abcc',
101 silly resolved     _resolved: 'https://registry.npmjs.org/colors/-/colors-0.6.2.tgz',
101 silly resolved     readme: 'ERROR: No README data found!' } ]
102 info install colors@0.6.2 into C:\Git\AjGenesisNode\node_modules\simpleunit
103 info installOne colors@0.6.2
104 verbose node_modules\simpleunit\node_modules\colors unbuild
105 verbose tar unpack C:\Users\Administrator\AppData\Roaming\npm-cache\colors\0.6.2\package.tgz
106 silly lockFile 94321b32-s-simpleunit-node-modules-colors tar://C:\Git\AjGenesisNode\node_modules\simpleunit\node_modules\colors
107 verbose lock tar://C:\Git\AjGenesisNode\node_modules\simpleunit\node_modules\colors C:\Users\Administrator\AppData\Roaming\npm-cache\94321b32-s-simpleunit-node-modules-colors.lock
108 silly lockFile f6f77e63-m-cache-colors-0-6-2-package-tgz tar://C:\Users\Administrator\AppData\Roaming\npm-cache\colors\0.6.2\package.tgz
109 verbose lock tar://C:\Users\Administrator\AppData\Roaming\npm-cache\colors\0.6.2\package.tgz C:\Users\Administrator\AppData\Roaming\npm-cache\f6f77e63-m-cache-colors-0-6-2-package-tgz.lock
110 silly gunzTarPerm modes [ '777', '666' ]
111 silly gunzTarPerm extractEntry package.json
112 silly gunzTarPerm modified mode [ 'package.json', 420, 438 ]
113 silly gunzTarPerm extractEntry colors.js
114 silly gunzTarPerm modified mode [ 'colors.js', 420, 438 ]
115 silly gunzTarPerm extractEntry example.js
116 silly gunzTarPerm modified mode [ 'example.js', 420, 438 ]
117 silly gunzTarPerm extractEntry test.js
118 silly gunzTarPerm modified mode [ 'test.js', 420, 438 ]
119 silly gunzTarPerm extractEntry MIT-LICENSE.txt
120 silly gunzTarPerm modified mode [ 'MIT-LICENSE.txt', 420, 438 ]
121 silly gunzTarPerm extractEntry ReadMe.md
122 silly gunzTarPerm modified mode [ 'ReadMe.md', 420, 438 ]
123 silly gunzTarPerm extractEntry example.html
124 silly gunzTarPerm modified mode [ 'example.html', 420, 438 ]
125 silly gunzTarPerm extractEntry themes/winston-dark.js
126 silly gunzTarPerm modified mode [ 'themes/winston-dark.js', 420, 438 ]
127 silly gunzTarPerm extractEntry themes/winston-light.js
128 silly gunzTarPerm modified mode [ 'themes/winston-light.js', 420, 438 ]
129 silly lockFile 94321b32-s-simpleunit-node-modules-colors tar://C:\Git\AjGenesisNode\node_modules\simpleunit\node_modules\colors
130 silly lockFile 94321b32-s-simpleunit-node-modules-colors tar://C:\Git\AjGenesisNode\node_modules\simpleunit\node_modules\colors
131 silly lockFile f6f77e63-m-cache-colors-0-6-2-package-tgz tar://C:\Users\Administrator\AppData\Roaming\npm-cache\colors\0.6.2\package.tgz
132 silly lockFile f6f77e63-m-cache-colors-0-6-2-package-tgz tar://C:\Users\Administrator\AppData\Roaming\npm-cache\colors\0.6.2\package.tgz
133 info preinstall colors@0.6.2
134 verbose readDependencies using package.json deps
135 verbose readDependencies using package.json deps
136 silly resolved []
137 verbose about to build C:\Git\AjGenesisNode\node_modules\simpleunit\node_modules\colors
138 info build C:\Git\AjGenesisNode\node_modules\simpleunit\node_modules\colors
139 verbose linkStuff [ false,
139 verbose linkStuff   false,
139 verbose linkStuff   false,
139 verbose linkStuff   'C:\\Git\\AjGenesisNode\\node_modules\\simpleunit\\node_modules' ]
140 info linkStuff colors@0.6.2
141 verbose linkBins colors@0.6.2
142 verbose linkMans colors@0.6.2
143 verbose rebuildBundles colors@0.6.2
144 info install colors@0.6.2
145 info postinstall colors@0.6.2
146 verbose about to build C:\Git\AjGenesisNode\node_modules\simpleunit
147 info build C:\Git\AjGenesisNode\node_modules\simpleunit
148 verbose linkStuff [ false, false, false, 'C:\\Git\\AjGenesisNode\\node_modules' ]
149 info linkStuff simpleunit@0.0.7
150 verbose linkBins simpleunit@0.0.7
151 verbose link bins [ { simpleunit: './bin/simpleunit' },
151 verbose link bins   'C:\\Git\\AjGenesisNode\\node_modules\\.bin',
151 verbose link bins   false ]
152 verbose linkMans simpleunit@0.0.7
153 verbose rebuildBundles simpleunit@0.0.7
154 verbose rebuildBundles [ 'colors' ]
155 info install simpleunit@0.0.7
156 info postinstall simpleunit@0.0.7
157 info build C:\Git\AjGenesisNode
158 verbose linkStuff [ false, false, false, 'C:\\Git' ]
159 info linkStuff ajgenesis@0.0.13
160 verbose linkBins ajgenesis@0.0.13
161 verbose linkMans ajgenesis@0.0.13
162 verbose rebuildBundles ajgenesis@0.0.13
163 verbose rebuildBundles [ '.bin',
163 verbose rebuildBundles   'ajgenesis',
163 verbose rebuildBundles   'ajgenesisnode-hello',
163 verbose rebuildBundles   'simplejson',
163 verbose rebuildBundles   'simpletpl',
163 verbose rebuildBundles   'simpleunit' ]
164 verbose rebuild bundle C:\Git\AjGenesisNode\node_modules\ajgenesis
165 info build C:\Git\AjGenesisNode\node_modules\ajgenesis
166 info preinstall ajgenesis@0.0.13
167 verbose linkStuff [ false, false, false, 'C:\\Git\\AjGenesisNode\\node_modules' ]
168 info linkStuff ajgenesis@0.0.13
169 verbose linkBins ajgenesis@0.0.13
170 verbose link bins [ { ajgenesis: './bin/ajgenesis',
170 verbose link bins     ajgennode: './bin/ajgenesis',
170 verbose link bins     ajg: './bin/ajgenesis' },
170 verbose link bins   'C:\\Git\\AjGenesisNode\\node_modules\\.bin',
170 verbose link bins   false ]
171 verbose linkMans ajgenesis@0.0.13
172 verbose rebuildBundles ajgenesis@0.0.13
173 verbose rebuildBundles [ '.bin',
173 verbose rebuildBundles   'ajgenesis',
173 verbose rebuildBundles   'ajgenesisnode-hello',
173 verbose rebuildBundles   'simplejson',
173 verbose rebuildBundles   'simpletpl',
173 verbose rebuildBundles   'simpleunit' ]
174 verbose rebuild bundle C:\Git\AjGenesisNode\node_modules\ajgenesis\node_modules\ajgenesis
175 info build C:\Git\AjGenesisNode\node_modules\ajgenesis\node_modules\ajgenesis
176 info preinstall ajgenesis@0.0.13
177 verbose linkStuff [ false,
177 verbose linkStuff   false,
177 verbose linkStuff   false,
177 verbose linkStuff   'C:\\Git\\AjGenesisNode\\node_modules\\ajgenesis\\node_modules' ]
178 info linkStuff ajgenesis@0.0.13
179 verbose linkBins ajgenesis@0.0.13
180 verbose link bins [ { ajgenesis: './bin/ajgenesis',
180 verbose link bins     ajgennode: './bin/ajgenesis',
180 verbose link bins     ajg: './bin/ajgenesis' },
180 verbose link bins   'C:\\Git\\AjGenesisNode\\node_modules\\ajgenesis\\node_modules\\.bin',
180 verbose link bins   false ]
181 verbose linkMans ajgenesis@0.0.13
182 verbose rebuildBundles ajgenesis@0.0.13
183 verbose rebuildBundles [ '.bin',
183 verbose rebuildBundles   'ajgenesis',
183 verbose rebuildBundles   'ajgenesisnode-hello',
183 verbose rebuildBundles   'simplejson',
183 verbose rebuildBundles   'simpletpl',
183 verbose rebuildBundles   'simpleunit' ]
184 verbose rebuild bundle C:\Git\AjGenesisNode\node_modules\ajgenesis\node_modules\ajgenesis\node_modules\ajgenesis
185 info build C:\Git\AjGenesisNode\node_modules\ajgenesis\node_modules\ajgenesis\node_modules\ajgenesis
186 info preinstall ajgenesis@0.0.13
187 verbose linkStuff [ false,
187 verbose linkStuff   false,
187 verbose linkStuff   false,
187 verbose linkStuff   'C:\\Git\\AjGenesisNode\\node_modules\\ajgenesis\\node_modules\\ajgenesis\\node_modules' ]
188 info linkStuff ajgenesis@0.0.13
189 verbose linkBins ajgenesis@0.0.13
190 verbose link bins [ { ajgenesis: './bin/ajgenesis',
190 verbose link bins     ajgennode: './bin/ajgenesis',
190 verbose link bins     ajg: './bin/ajgenesis' },
190 verbose link bins   'C:\\Git\\AjGenesisNode\\node_modules\\ajgenesis\\node_modules\\ajgenesis\\node_modules\\.bin',
190 verbose link bins   false ]
191 verbose linkMans ajgenesis@0.0.13
192 verbose rebuildBundles ajgenesis@0.0.13
193 verbose rebuildBundles [ '.bin',
193 verbose rebuildBundles   'ajgenesis',
193 verbose rebuildBundles   'ajgenesisnode-hello',
193 verbose rebuildBundles   'simplejson',
193 verbose rebuildBundles   'simpletpl',
193 verbose rebuildBundles   'simpleunit' ]
194 verbose rebuild bundle C:\Git\AjGenesisNode\node_modules\ajgenesis\node_modules\ajgenesis\node_modules\ajgenesis\node_modules\ajgenesis
195 info build C:\Git\AjGenesisNode\node_modules\ajgenesis\node_modules\ajgenesis\node_modules\ajgenesis\node_modules\ajgenesis
196 info preinstall ajgenesis@0.0.13
197 verbose linkStuff [ false,
197 verbose linkStuff   false,
197 verbose linkStuff   false,
197 verbose linkStuff   'C:\\Git\\AjGenesisNode\\node_modules\\ajgenesis\\node_modules\\ajgenesis\\node_modules\\ajgenesis\\node_modules' ]
198 info linkStuff ajgenesis@0.0.13
199 verbose linkBins ajgenesis@0.0.13
200 verbose link bins [ { ajgenesis: './bin/ajgenesis',
200 verbose link bins     ajgennode: './bin/ajgenesis',
200 verbose link bins     ajg: './bin/ajgenesis' },
200 verbose link bins   'C:\\Git\\AjGenesisNode\\node_modules\\ajgenesis\\node_modules\\ajgenesis\\node_modules\\ajgenesis\\node_modules\\.bin',
200 verbose link bins   false ]
201 verbose linkMans ajgenesis@0.0.13
202 verbose rebuildBundles ajgenesis@0.0.13
203 verbose rebuildBundles [ '.bin',
203 verbose rebuildBundles   'ajgenesis',
203 verbose rebuildBundles   'ajgenesisnode-hello',
203 verbose rebuildBundles   'simplejson',
203 verbose rebuildBundles   'simpletpl',
203 verbose rebuildBundles   'simpleunit' ]
204 verbose rebuild bundle C:\Git\AjGenesisNode\node_modules\ajgenesis\node_modules\ajgenesis\node_modules\ajgenesis\node_modules\ajgenesis\node_modules\ajgenesis
205 info build C:\Git\AjGenesisNode\node_modules\ajgenesis\node_modules\ajgenesis\node_modules\ajgenesis\node_modules\ajgenesis\node_modules\ajgenesis
206 info preinstall ajgenesis@0.0.13
207 verbose linkStuff [ false,
207 verbose linkStuff   false,
207 verbose linkStuff   false,
207 verbose linkStuff   'C:\\Git\\AjGenesisNode\\node_modules\\ajgenesis\\node_modules\\ajgenesis\\node_modules\\ajgenesis\\node_modules\\ajgenesis\\node_modules' ]
208 info linkStuff ajgenesis@0.0.13
209 verbose linkBins ajgenesis@0.0.13
210 verbose link bins [ { ajgenesis: './bin/ajgenesis',
210 verbose link bins     ajgennode: './bin/ajgenesis',
210 verbose link bins     ajg: './bin/ajgenesis' },
210 verbose link bins   'C:\\Git\\AjGenesisNode\\node_modules\\ajgenesis\\node_modules\\ajgenesis\\node_modules\\ajgenesis\\node_modules\\ajgenesis\\node_modules\\.bin',
210 verbose link bins   false ]
211 verbose linkMans ajgenesis@0.0.13
212 verbose rebuildBundles ajgenesis@0.0.13
213 verbose rebuildBundles [ '.bin',
213 verbose rebuildBundles   'ajgenesis',
213 verbose rebuildBundles   'ajgenesisnode-hello',
213 verbose rebuildBundles   'simplejson',
213 verbose rebuildBundles   'simpletpl',
213 verbose rebuildBundles   'simpleunit' ]
214 verbose rebuild bundle C:\Git\AjGenesisNode\node_modules\ajgenesis\node_modules\ajgenesis\node_modules\ajgenesis\node_modules\ajgenesis\node_modules\ajgenesis\node_modules\ajgenesis
215 info build C:\Git\AjGenesisNode\node_modules\ajgenesis\node_modules\ajgenesis\node_modules\ajgenesis\node_modules\ajgenesis\node_modules\ajgenesis\node_modules\ajgenesis
216 info preinstall ajgenesis@0.0.13
217 verbose linkStuff [ false,
217 verbose linkStuff   false,
217 verbose linkStuff   false,
217 verbose linkStuff   'C:\\Git\\AjGenesisNode\\node_modules\\ajgenesis\\node_modules\\ajgenesis\\node_modules\\ajgenesis\\node_modules\\ajgenesis\\node_modules\\ajgenesis\\node_modules' ]
218 info linkStuff ajgenesis@0.0.13
219 verbose linkBins ajgenesis@0.0.13
220 verbose link bins [ { ajgenesis: './bin/ajgenesis',
220 verbose link bins     ajgennode: './bin/ajgenesis',
220 verbose link bins     ajg: './bin/ajgenesis' },
220 verbose link bins   'C:\\Git\\AjGenesisNode\\node_modules\\ajgenesis\\node_modules\\ajgenesis\\node_modules\\ajgenesis\\node_modules\\ajgenesis\\node_modules\\ajgenesis\\node_modules\\.bin',
220 verbose link bins   false ]
221 verbose linkMans ajgenesis@0.0.13
222 verbose rebuildBundles ajgenesis@0.0.13
223 verbose rebuildBundles [ '.bin',
223 verbose rebuildBundles   'ajgenesis',
223 verbose rebuildBundles   'ajgenesisnode-hello',
223 verbose rebuildBundles   'simplejson',
223 verbose rebuildBundles   'simpletpl',
223 verbose rebuildBundles   'simpleunit' ]
224 verbose rebuild bundle C:\Git\AjGenesisNode\node_modules\ajgenesis\node_modules\ajgenesis\node_modules\ajgenesis\node_modules\ajgenesis\node_modules\ajgenesis\node_modules\ajgenesis\node_modules\ajgenesis
225 info build C:\Git\AjGenesisNode\node_modules\ajgenesis\node_modules\ajgenesis\node_modules\ajgenesis\node_modules\ajgenesis\node_modules\ajgenesis\node_modules\ajgenesis\node_modules\ajgenesis
226 info preinstall ajgenesis@0.0.13
227 verbose linkStuff [ false,
227 verbose linkStuff   false,
227 verbose linkStuff   false,
227 verbose linkStuff   'C:\\Git\\AjGenesisNode\\node_modules\\ajgenesis\\node_modules\\ajgenesis\\node_modules\\ajgenesis\\node_modules\\ajgenesis\\node_modules\\ajgenesis\\node_modules\\ajgenesis\\node_modules' ]
228 info linkStuff ajgenesis@0.0.13
229 verbose linkBins ajgenesis@0.0.13
230 verbose link bins [ { ajgenesis: './bin/ajgenesis',
230 verbose link bins     ajgennode: './bin/ajgenesis',
230 verbose link bins     ajg: './bin/ajgenesis' },
230 verbose link bins   'C:\\Git\\AjGenesisNode\\node_modules\\ajgenesis\\node_modules\\ajgenesis\\node_modules\\ajgenesis\\node_modules\\ajgenesis\\node_modules\\ajgenesis\\node_modules\\ajgenesis\\node_modules\\.bin',
230 verbose link bins   false ]
231 verbose linkMans ajgenesis@0.0.13
232 verbose rebuildBundles ajgenesis@0.0.13
233 verbose rebuildBundles [ '.bin',
233 verbose rebuildBundles   'ajgenesis',
233 verbose rebuildBundles   'ajgenesisnode-hello',
233 verbose rebuildBundles   'simplejson',
233 verbose rebuildBundles   'simpletpl',
233 verbose rebuildBundles   'simpleunit' ]
234 verbose rebuild bundle C:\Git\AjGenesisNode\node_modules\ajgenesis\node_modules\ajgenesis\node_modules\ajgenesis\node_modules\ajgenesis\node_modules\ajgenesis\node_modules\ajgenesis\node_modules\ajgenesis\node_modules\ajgenesis
235 info build C:\Git\AjGenesisNode\node_modules\ajgenesis\node_modules\ajgenesis\node_modules\ajgenesis\node_modules\ajgenesis\node_modules\ajgenesis\node_modules\ajgenesis\node_modules\ajgenesis\node_modules\ajgenesis
236 info preinstall ajgenesis@0.0.13
237 verbose linkStuff [ false,
237 verbose linkStuff   false,
237 verbose linkStuff   false,
237 verbose linkStuff   'C:\\Git\\AjGenesisNode\\node_modules\\ajgenesis\\node_modules\\ajgenesis\\node_modules\\ajgenesis\\node_modules\\ajgenesis\\node_modules\\ajgenesis\\node_modules\\ajgenesis\\node_modules\\ajgenesis\\node_modules' ]
238 info linkStuff ajgenesis@0.0.13
239 verbose linkBins ajgenesis@0.0.13
240 verbose link bins [ { ajgenesis: './bin/ajgenesis',
240 verbose link bins     ajgennode: './bin/ajgenesis',
240 verbose link bins     ajg: './bin/ajgenesis' },
240 verbose link bins   'C:\\Git\\AjGenesisNode\\node_modules\\ajgenesis\\node_modules\\ajgenesis\\node_modules\\ajgenesis\\node_modules\\ajgenesis\\node_modules\\ajgenesis\\node_modules\\ajgenesis\\node_modules\\ajgenesis\\node_modules\\.bin',
240 verbose link bins   false ]
241 verbose linkMans ajgenesis@0.0.13
242 verbose rebuildBundles ajgenesis@0.0.13
243 verbose rebuildBundles [ '.bin',
243 verbose rebuildBundles   'ajgenesis',
243 verbose rebuildBundles   'ajgenesisnode-hello',
243 verbose rebuildBundles   'simplejson',
243 verbose rebuildBundles   'simpletpl',
243 verbose rebuildBundles   'simpleunit' ]
244 verbose rebuild bundle C:\Git\AjGenesisNode\node_modules\ajgenesis\node_modules\ajgenesis\node_modules\ajgenesis\node_modules\ajgenesis\node_modules\ajgenesis\node_modules\ajgenesis\node_modules\ajgenesis\node_modules\ajgenesis\node_modules\ajgenesis
245 info build C:\Git\AjGenesisNode\node_modules\ajgenesis\node_modules\ajgenesis\node_modules\ajgenesis\node_modules\ajgenesis\node_modules\ajgenesis\node_modules\ajgenesis\node_modules\ajgenesis\node_modules\ajgenesis\node_modules\ajgenesis
246 info preinstall ajgenesis@0.0.13
247 verbose linkStuff [ false,
247 verbose linkStuff   false,
247 verbose linkStuff   false,
247 verbose linkStuff   'C:\\Git\\AjGenesisNode\\node_modules\\ajgenesis\\node_modules\\ajgenesis\\node_modules\\ajgenesis\\node_modules\\ajgenesis\\node_modules\\ajgenesis\\node_modules\\ajgenesis\\node_modules\\ajgenesis\\node_modules\\ajgenesis\\node_modules' ]
248 info linkStuff ajgenesis@0.0.13
249 verbose linkBins ajgenesis@0.0.13
250 verbose link bins [ { ajgenesis: './bin/ajgenesis',
250 verbose link bins     ajgennode: './bin/ajgenesis',
250 verbose link bins     ajg: './bin/ajgenesis' },
250 verbose link bins   'C:\\Git\\AjGenesisNode\\node_modules\\ajgenesis\\node_modules\\ajgenesis\\node_modules\\ajgenesis\\node_modules\\ajgenesis\\node_modules\\ajgenesis\\node_modules\\ajgenesis\\node_modules\\ajgenesis\\node_modules\\ajgenesis\\node_modules\\.bin',
250 verbose link bins   false ]
251 verbose linkMans ajgenesis@0.0.13
252 verbose rebuildBundles ajgenesis@0.0.13
253 verbose rebuildBundles [ '.bin',
253 verbose rebuildBundles   'ajgenesis',
253 verbose rebuildBundles   'ajgenesisnode-hello',
253 verbose rebuildBundles   'simplejson',
253 verbose rebuildBundles   'simpletpl',
253 verbose rebuildBundles   'simpleunit' ]
254 verbose rebuild bundle C:\Git\AjGenesisNode\node_modules\ajgenesis\node_modules\ajgenesis\node_modules\ajgenesis\node_modules\ajgenesis\node_modules\ajgenesis\node_modules\ajgenesis\node_modules\ajgenesis\node_modules\ajgenesis\node_modules\ajgenesis\node_modules\ajgenesis
255 info build C:\Git\AjGenesisNode\node_modules\ajgenesis\node_modules\ajgenesis\node_modules\ajgenesis\node_modules\ajgenesis\node_modules\ajgenesis\node_modules\ajgenesis\node_modules\ajgenesis\node_modules\ajgenesis\node_modules\ajgenesis\node_modules\ajgenesis
256 info preinstall ajgenesis@0.0.13
257 verbose linkStuff [ false,
257 verbose linkStuff   false,
257 verbose linkStuff   false,
257 verbose linkStuff   'C:\\Git\\AjGenesisNode\\node_modules\\ajgenesis\\node_modules\\ajgenesis\\node_modules\\ajgenesis\\node_modules\\ajgenesis\\node_modules\\ajgenesis\\node_modules\\ajgenesis\\node_modules\\ajgenesis\\node_modules\\ajgenesis\\node_modules\\ajgenesis\\node_modules' ]
258 info linkStuff ajgenesis@0.0.13
259 verbose linkBins ajgenesis@0.0.13
260 verbose link bins [ { ajgenesis: './bin/ajgenesis',
260 verbose link bins     ajgennode: './bin/ajgenesis',
260 verbose link bins     ajg: './bin/ajgenesis' },
260 verbose link bins   'C:\\Git\\AjGenesisNode\\node_modules\\ajgenesis\\node_modules\\ajgenesis\\node_modules\\ajgenesis\\node_modules\\ajgenesis\\node_modules\\ajgenesis\\node_modules\\ajgenesis\\node_modules\\ajgenesis\\node_modules\\ajgenesis\\node_modules\\ajgenesis\\node_modules\\.bin',
260 verbose link bins   false ]
261 verbose linkMans ajgenesis@0.0.13
262 verbose rebuildBundles ajgenesis@0.0.13
263 verbose rebuildBundles [ '.bin',
263 verbose rebuildBundles   'ajgenesis',
263 verbose rebuildBundles   'ajgenesisnode-hello',
263 verbose rebuildBundles   'simplejson',
263 verbose rebuildBundles   'simpletpl',
263 verbose rebuildBundles   'simpleunit' ]
264 verbose rebuild bundle C:\Git\AjGenesisNode\node_modules\ajgenesis\node_modules\ajgenesis\node_modules\ajgenesis\node_modules\ajgenesis\node_modules\ajgenesis\node_modules\ajgenesis\node_modules\ajgenesis\node_modules\ajgenesis\node_modules\ajgenesis\node_modules\ajgenesis\node_modules\ajgenesis
265 info build C:\Git\AjGenesisNode\node_modules\ajgenesis\node_modules\ajgenesis\node_modules\ajgenesis\node_modules\ajgenesis\node_modules\ajgenesis\node_modules\ajgenesis\node_modules\ajgenesis\node_modules\ajgenesis\node_modules\ajgenesis\node_modules\ajgenesis\node_modules\ajgenesis
266 info preinstall ajgenesis@0.0.13
267 verbose linkStuff [ false,
267 verbose linkStuff   false,
267 verbose linkStuff   false,
267 verbose linkStuff   'C:\\Git\\AjGenesisNode\\node_modules\\ajgenesis\\node_modules\\ajgenesis\\node_modules\\ajgenesis\\node_modules\\ajgenesis\\node_modules\\ajgenesis\\node_modules\\ajgenesis\\node_modules\\ajgenesis\\node_modules\\ajgenesis\\node_modules\\ajgenesis\\node_modules\\ajgenesis\\node_modules' ]
268 info linkStuff ajgenesis@0.0.13
269 verbose linkBins ajgenesis@0.0.13
270 verbose link bins [ { ajgenesis: './bin/ajgenesis',
270 verbose link bins     ajgennode: './bin/ajgenesis',
270 verbose link bins     ajg: './bin/ajgenesis' },
270 verbose link bins   'C:\\Git\\AjGenesisNode\\node_modules\\ajgenesis\\node_modules\\ajgenesis\\node_modules\\ajgenesis\\node_modules\\ajgenesis\\node_modules\\ajgenesis\\node_modules\\ajgenesis\\node_modules\\ajgenesis\\node_modules\\ajgenesis\\node_modules\\ajgenesis\\node_modules\\ajgenesis\\node_modules\\.bin',
270 verbose link bins   false ]
271 verbose linkMans ajgenesis@0.0.13
272 verbose rebuildBundles ajgenesis@0.0.13
273 verbose rebuildBundles [ '.bin',
273 verbose rebuildBundles   'ajgenesis',
273 verbose rebuildBundles   'ajgenesisnode-hello',
273 verbose rebuildBundles   'simplejson',
273 verbose rebuildBundles   'simpletpl',
273 verbose rebuildBundles   'simpleunit' ]
274 verbose rebuild bundle C:\Git\AjGenesisNode\node_modules\ajgenesis\node_modules\ajgenesis\node_modules\ajgenesis\node_modules\ajgenesis\node_modules\ajgenesis\node_modules\ajgenesis\node_modules\ajgenesis\node_modules\ajgenesis\node_modules\ajgenesis\node_modules\ajgenesis\node_modules\ajgenesis\node_modules\ajgenesis
275 info build C:\Git\AjGenesisNode\node_modules\ajgenesis\node_modules\ajgenesis\node_modules\ajgenesis\node_modules\ajgenesis\node_modules\ajgenesis\node_modules\ajgenesis\node_modules\ajgenesis\node_modules\ajgenesis\node_modules\ajgenesis\node_modules\ajgenesis\node_modules\ajgenesis\node_modules\ajgenesis
276 info preinstall ajgenesis@0.0.13
277 verbose linkStuff [ false,
277 verbose linkStuff   false,
277 verbose linkStuff   false,
277 verbose linkStuff   'C:\\Git\\AjGenesisNode\\node_modules\\ajgenesis\\node_modules\\ajgenesis\\node_modules\\ajgenesis\\node_modules\\ajgenesis\\node_modules\\ajgenesis\\node_modules\\ajgenesis\\node_modules\\ajgenesis\\node_modules\\ajgenesis\\node_modules\\ajgenesis\\node_modules\\ajgenesis\\node_modules\\ajgenesis\\node_modules' ]
278 info linkStuff ajgenesis@0.0.13
279 verbose linkBins ajgenesis@0.0.13
280 verbose link bins [ { ajgenesis: './bin/ajgenesis',
280 verbose link bins     ajgennode: './bin/ajgenesis',
280 verbose link bins     ajg: './bin/ajgenesis' },
280 verbose link bins   'C:\\Git\\AjGenesisNode\\node_modules\\ajgenesis\\node_modules\\ajgenesis\\node_modules\\ajgenesis\\node_modules\\ajgenesis\\node_modules\\ajgenesis\\node_modules\\ajgenesis\\node_modules\\ajgenesis\\node_modules\\ajgenesis\\node_modules\\ajgenesis\\node_modules\\ajgenesis\\node_modules\\ajgenesis\\node_modules\\.bin',
280 verbose link bins   false ]
281 verbose linkMans ajgenesis@0.0.13
282 verbose rebuildBundles ajgenesis@0.0.13
283 verbose rebuildBundles [ '.bin',
283 verbose rebuildBundles   'ajgenesis',
283 verbose rebuildBundles   'ajgenesisnode-hello',
283 verbose rebuildBundles   'simplejson',
283 verbose rebuildBundles   'simpletpl',
283 verbose rebuildBundles   'simpleunit' ]
284 verbose rebuild bundle C:\Git\AjGenesisNode\node_modules\ajgenesis\node_modules\ajgenesis\node_modules\ajgenesis\node_modules\ajgenesis\node_modules\ajgenesis\node_modules\ajgenesis\node_modules\ajgenesis\node_modules\ajgenesis\node_modules\ajgenesis\node_modules\ajgenesis\node_modules\ajgenesis\node_modules\ajgenesis\node_modules\ajgenesis
285 info build C:\Git\AjGenesisNode\node_modules\ajgenesis\node_modules\ajgenesis\node_modules\ajgenesis\node_modules\ajgenesis\node_modules\ajgenesis\node_modules\ajgenesis\node_modules\ajgenesis\node_modules\ajgenesis\node_modules\ajgenesis\node_modules\ajgenesis\node_modules\ajgenesis\node_modules\ajgenesis\node_modules\ajgenesis
286 info preinstall ajgenesis@0.0.13
287 verbose linkStuff [ false,
287 verbose linkStuff   false,
287 verbose linkStuff   false,
287 verbose linkStuff   'C:\\Git\\AjGenesisNode\\node_modules\\ajgenesis\\node_modules\\ajgenesis\\node_modules\\ajgenesis\\node_modules\\ajgenesis\\node_modules\\ajgenesis\\node_modules\\ajgenesis\\node_modules\\ajgenesis\\node_modules\\ajgenesis\\node_modules\\ajgenesis\\node_modules\\ajgenesis\\node_modules\\ajgenesis\\node_modules\\ajgenesis\\node_modules' ]
288 info linkStuff ajgenesis@0.0.13
289 verbose linkBins ajgenesis@0.0.13
290 verbose link bins [ { ajgenesis: './bin/ajgenesis',
290 verbose link bins     ajgennode: './bin/ajgenesis',
290 verbose link bins     ajg: './bin/ajgenesis' },
290 verbose link bins   'C:\\Git\\AjGenesisNode\\node_modules\\ajgenesis\\node_modules\\ajgenesis\\node_modules\\ajgenesis\\node_modules\\ajgenesis\\node_modules\\ajgenesis\\node_modules\\ajgenesis\\node_modules\\ajgenesis\\node_modules\\ajgenesis\\node_modules\\ajgenesis\\node_modules\\ajgenesis\\node_modules\\ajgenesis\\node_modules\\ajgenesis\\node_modules\\.bin',
290 verbose link bins   false ]
291 verbose linkMans ajgenesis@0.0.13
292 verbose rebuildBundles ajgenesis@0.0.13
293 verbose rebuildBundles [ '.bin',
293 verbose rebuildBundles   'ajgenesis',
293 verbose rebuildBundles   'ajgenesisnode-hello',
293 verbose rebuildBundles   'simplejson',
293 verbose rebuildBundles   'simpletpl',
293 verbose rebuildBundles   'simpleunit' ]
294 verbose rebuild bundle C:\Git\AjGenesisNode\node_modules\ajgenesis\node_modules\ajgenesis\node_modules\ajgenesis\node_modules\ajgenesis\node_modules\ajgenesis\node_modules\ajgenesis\node_modules\ajgenesis\node_modules\ajgenesis\node_modules\ajgenesis\node_modules\ajgenesis\node_modules\ajgenesis\node_modules\ajgenesis\node_modules\ajgenesis\node_modules\ajgenesis
295 info build C:\Git\AjGenesisNode\node_modules\ajgenesis\node_modules\ajgenesis\node_modules\ajgenesis\node_modules\ajgenesis\node_modules\ajgenesis\node_modules\ajgenesis\node_modules\ajgenesis\node_modules\ajgenesis\node_modules\ajgenesis\node_modules\ajgenesis\node_modules\ajgenesis\node_modules\ajgenesis\node_modules\ajgenesis\node_modules\ajgenesis
296 info preinstall ajgenesis@0.0.13
297 verbose linkStuff [ false,
297 verbose linkStuff   false,
297 verbose linkStuff   false,
297 verbose linkStuff   'C:\\Git\\AjGenesisNode\\node_modules\\ajgenesis\\node_modules\\ajgenesis\\node_modules\\ajgenesis\\node_modules\\ajgenesis\\node_modules\\ajgenesis\\node_modules\\ajgenesis\\node_modules\\ajgenesis\\node_modules\\ajgenesis\\node_modules\\ajgenesis\\node_modules\\ajgenesis\\node_modules\\ajgenesis\\node_modules\\ajgenesis\\node_modules\\ajgenesis\\node_modules' ]
298 info linkStuff ajgenesis@0.0.13
299 verbose linkBins ajgenesis@0.0.13
300 verbose link bins [ { ajgenesis: './bin/ajgenesis',
300 verbose link bins     ajgennode: './bin/ajgenesis',
300 verbose link bins     ajg: './bin/ajgenesis' },
300 verbose link bins   'C:\\Git\\AjGenesisNode\\node_modules\\ajgenesis\\node_modules\\ajgenesis\\node_modules\\ajgenesis\\node_modules\\ajgenesis\\node_modules\\ajgenesis\\node_modules\\ajgenesis\\node_modules\\ajgenesis\\node_modules\\ajgenesis\\node_modules\\ajgenesis\\node_modules\\ajgenesis\\node_modules\\ajgenesis\\node_modules\\ajgenesis\\node_modules\\ajgenesis\\node_modules\\.bin',
300 verbose link bins   false ]
301 verbose linkMans ajgenesis@0.0.13
302 verbose rebuildBundles ajgenesis@0.0.13
303 verbose rebuildBundles [ '.bin',
303 verbose rebuildBundles   'ajgenesis',
303 verbose rebuildBundles   'ajgenesisnode-hello',
303 verbose rebuildBundles   'simplejson',
303 verbose rebuildBundles   'simpletpl',
303 verbose rebuildBundles   'simpleunit' ]
304 verbose rebuild bundle C:\Git\AjGenesisNode\node_modules\ajgenesis\node_modules\ajgenesis\node_modules\ajgenesis\node_modules\ajgenesis\node_modules\ajgenesis\node_modules\ajgenesis\node_modules\ajgenesis\node_modules\ajgenesis\node_modules\ajgenesis\node_modules\ajgenesis\node_modules\ajgenesis\node_modules\ajgenesis\node_modules\ajgenesis\node_modules\ajgenesis\node_modules\ajgenesis
305 info build C:\Git\AjGenesisNode\node_modules\ajgenesis\node_modules\ajgenesis\node_modules\ajgenesis\node_modules\ajgenesis\node_modules\ajgenesis\node_modules\ajgenesis\node_modules\ajgenesis\node_modules\ajgenesis\node_modules\ajgenesis\node_modules\ajgenesis\node_modules\ajgenesis\node_modules\ajgenesis\node_modules\ajgenesis\node_modules\ajgenesis\node_modules\ajgenesis
306 info preinstall ajgenesis@0.0.13
307 verbose linkStuff [ false,
307 verbose linkStuff   false,
307 verbose linkStuff   false,
307 verbose linkStuff   'C:\\Git\\AjGenesisNode\\node_modules\\ajgenesis\\node_modules\\ajgenesis\\node_modules\\ajgenesis\\node_modules\\ajgenesis\\node_modules\\ajgenesis\\node_modules\\ajgenesis\\node_modules\\ajgenesis\\node_modules\\ajgenesis\\node_modules\\ajgenesis\\node_modules\\ajgenesis\\node_modules\\ajgenesis\\node_modules\\ajgenesis\\node_modules\\ajgenesis\\node_modules\\ajgenesis\\node_modules' ]
308 info linkStuff ajgenesis@0.0.13
309 verbose linkBins ajgenesis@0.0.13
310 verbose link bins [ { ajgenesis: './bin/ajgenesis',
310 verbose link bins     ajgennode: './bin/ajgenesis',
310 verbose link bins     ajg: './bin/ajgenesis' },
310 verbose link bins   'C:\\Git\\AjGenesisNode\\node_modules\\ajgenesis\\node_modules\\ajgenesis\\node_modules\\ajgenesis\\node_modules\\ajgenesis\\node_modules\\ajgenesis\\node_modules\\ajgenesis\\node_modules\\ajgenesis\\node_modules\\ajgenesis\\node_modules\\ajgenesis\\node_modules\\ajgenesis\\node_modules\\ajgenesis\\node_modules\\ajgenesis\\node_modules\\ajgenesis\\node_modules\\ajgenesis\\node_modules\\.bin',
310 verbose link bins   false ]
311 verbose linkMans ajgenesis@0.0.13
312 verbose rebuildBundles ajgenesis@0.0.13
313 verbose rebuildBundles [ '.bin',
313 verbose rebuildBundles   'ajgenesis',
313 verbose rebuildBundles   'ajgenesisnode-hello',
313 verbose rebuildBundles   'simplejson',
313 verbose rebuildBundles   'simpletpl',
313 verbose rebuildBundles   'simpleunit' ]
314 verbose rebuild bundle C:\Git\AjGenesisNode\node_modules\ajgenesis\node_modules\ajgenesis\node_modules\ajgenesis\node_modules\ajgenesis\node_modules\ajgenesis\node_modules\ajgenesis\node_modules\ajgenesis\node_modules\ajgenesis\node_modules\ajgenesis\node_modules\ajgenesis\node_modules\ajgenesis\node_modules\ajgenesis\node_modules\ajgenesis\node_modules\ajgenesis\node_modules\ajgenesis\node_modules\ajgenesis
315 verbose rebuild bundle C:\Git\AjGenesisNode\node_modules\ajgenesis\node_modules\ajgenesis\node_modules\ajgenesis\node_modules\ajgenesis\node_modules\ajgenesis\node_modules\ajgenesis\node_modules\ajgenesis\node_modules\ajgenesis\node_modules\ajgenesis\node_modules\ajgenesis\node_modules\ajgenesis\node_modules\ajgenesis\node_modules\ajgenesis\node_modules\ajgenesis\node_modules\ajgenesis\node_modules\ajgenesisnode-hello
316 info build C:\Git\AjGenesisNode\node_modules\ajgenesis\node_modules\ajgenesis\node_modules\ajgenesis\node_modules\ajgenesis\node_modules\ajgenesis\node_modules\ajgenesis\node_modules\ajgenesis\node_modules\ajgenesis\node_modules\ajgenesis\node_modules\ajgenesis\node_modules\ajgenesis\node_modules\ajgenesis\node_modules\ajgenesis\node_modules\ajgenesis\node_modules\ajgenesis\node_modules\ajgenesisnode-hello
317 info preinstall ajgenesisnode-hello@0.0.5
318 verbose linkStuff [ false,
318 verbose linkStuff   false,
318 verbose linkStuff   false,
318 verbose linkStuff   'C:\\Git\\AjGenesisNode\\node_modules\\ajgenesis\\node_modules\\ajgenesis\\node_modules\\ajgenesis\\node_modules\\ajgenesis\\node_modules\\ajgenesis\\node_modules\\ajgenesis\\node_modules\\ajgenesis\\node_modules\\ajgenesis\\node_modules\\ajgenesis\\node_modules\\ajgenesis\\node_modules\\ajgenesis\\node_modules\\ajgenesis\\node_modules\\ajgenesis\\node_modules\\ajgenesis\\node_modules\\ajgenesis\\node_modules' ]
319 info linkStuff ajgenesisnode-hello@0.0.5
320 verbose linkBins ajgenesisnode-hello@0.0.5
321 verbose linkMans ajgenesisnode-hello@0.0.5
322 verbose rebuildBundles ajgenesisnode-hello@0.0.5
323 info install ajgenesisnode-hello@0.0.5
324 info postinstall ajgenesisnode-hello@0.0.5
325 info install ajgenesis@0.0.13
326 info postinstall ajgenesis@0.0.13
327 verbose rebuild bundle C:\Git\AjGenesisNode\node_modules\ajgenesis\node_modules\ajgenesis\node_modules\ajgenesis\node_modules\ajgenesis\node_modules\ajgenesis\node_modules\ajgenesis\node_modules\ajgenesis\node_modules\ajgenesis\node_modules\ajgenesis\node_modules\ajgenesis\node_modules\ajgenesis\node_modules\ajgenesis\node_modules\ajgenesis\node_modules\ajgenesis\node_modules\ajgenesisnode-hello
328 info build C:\Git\AjGenesisNode\node_modules\ajgenesis\node_modules\ajgenesis\node_modules\ajgenesis\node_modules\ajgenesis\node_modules\ajgenesis\node_modules\ajgenesis\node_modules\ajgenesis\node_modules\ajgenesis\node_modules\ajgenesis\node_modules\ajgenesis\node_modules\ajgenesis\node_modules\ajgenesis\node_modules\ajgenesis\node_modules\ajgenesis\node_modules\ajgenesisnode-hello
329 info preinstall ajgenesisnode-hello@0.0.5
330 verbose linkStuff [ false,
330 verbose linkStuff   false,
330 verbose linkStuff   false,
330 verbose linkStuff   'C:\\Git\\AjGenesisNode\\node_modules\\ajgenesis\\node_modules\\ajgenesis\\node_modules\\ajgenesis\\node_modules\\ajgenesis\\node_modules\\ajgenesis\\node_modules\\ajgenesis\\node_modules\\ajgenesis\\node_modules\\ajgenesis\\node_modules\\ajgenesis\\node_modules\\ajgenesis\\node_modules\\ajgenesis\\node_modules\\ajgenesis\\node_modules\\ajgenesis\\node_modules\\ajgenesis\\node_modules' ]
331 info linkStuff ajgenesisnode-hello@0.0.5
332 verbose linkBins ajgenesisnode-hello@0.0.5
333 verbose linkMans ajgenesisnode-hello@0.0.5
334 verbose rebuildBundles ajgenesisnode-hello@0.0.5
335 info install ajgenesisnode-hello@0.0.5
336 info postinstall ajgenesisnode-hello@0.0.5
337 info install ajgenesis@0.0.13
338 info postinstall ajgenesis@0.0.13
339 verbose rebuild bundle C:\Git\AjGenesisNode\node_modules\ajgenesis\node_modules\ajgenesis\node_modules\ajgenesis\node_modules\ajgenesis\node_modules\ajgenesis\node_modules\ajgenesis\node_modules\ajgenesis\node_modules\ajgenesis\node_modules\ajgenesis\node_modules\ajgenesis\node_modules\ajgenesis\node_modules\ajgenesis\node_modules\ajgenesis\node_modules\ajgenesisnode-hello
340 info build C:\Git\AjGenesisNode\node_modules\ajgenesis\node_modules\ajgenesis\node_modules\ajgenesis\node_modules\ajgenesis\node_modules\ajgenesis\node_modules\ajgenesis\node_modules\ajgenesis\node_modules\ajgenesis\node_modules\ajgenesis\node_modules\ajgenesis\node_modules\ajgenesis\node_modules\ajgenesis\node_modules\ajgenesis\node_modules\ajgenesisnode-hello
341 info preinstall ajgenesisnode-hello@0.0.5
342 verbose linkStuff [ false,
342 verbose linkStuff   false,
342 verbose linkStuff   false,
342 verbose linkStuff   'C:\\Git\\AjGenesisNode\\node_modules\\ajgenesis\\node_modules\\ajgenesis\\node_modules\\ajgenesis\\node_modules\\ajgenesis\\node_modules\\ajgenesis\\node_modules\\ajgenesis\\node_modules\\ajgenesis\\node_modules\\ajgenesis\\node_modules\\ajgenesis\\node_modules\\ajgenesis\\node_modules\\ajgenesis\\node_modules\\ajgenesis\\node_modules\\ajgenesis\\node_modules' ]
343 info linkStuff ajgenesisnode-hello@0.0.5
344 verbose linkBins ajgenesisnode-hello@0.0.5
345 verbose linkMans ajgenesisnode-hello@0.0.5
346 verbose rebuildBundles ajgenesisnode-hello@0.0.5
347 info install ajgenesisnode-hello@0.0.5
348 info postinstall ajgenesisnode-hello@0.0.5
349 info install ajgenesis@0.0.13
350 info postinstall ajgenesis@0.0.13
351 verbose rebuild bundle C:\Git\AjGenesisNode\node_modules\ajgenesis\node_modules\ajgenesis\node_modules\ajgenesis\node_modules\ajgenesis\node_modules\ajgenesis\node_modules\ajgenesis\node_modules\ajgenesis\node_modules\ajgenesis\node_modules\ajgenesis\node_modules\ajgenesis\node_modules\ajgenesis\node_modules\ajgenesis\node_modules\ajgenesisnode-hello
352 info build C:\Git\AjGenesisNode\node_modules\ajgenesis\node_modules\ajgenesis\node_modules\ajgenesis\node_modules\ajgenesis\node_modules\ajgenesis\node_modules\ajgenesis\node_modules\ajgenesis\node_modules\ajgenesis\node_modules\ajgenesis\node_modules\ajgenesis\node_modules\ajgenesis\node_modules\ajgenesis\node_modules\ajgenesisnode-hello
353 info preinstall ajgenesisnode-hello@0.0.5
354 verbose linkStuff [ false,
354 verbose linkStuff   false,
354 verbose linkStuff   false,
354 verbose linkStuff   'C:\\Git\\AjGenesisNode\\node_modules\\ajgenesis\\node_modules\\ajgenesis\\node_modules\\ajgenesis\\node_modules\\ajgenesis\\node_modules\\ajgenesis\\node_modules\\ajgenesis\\node_modules\\ajgenesis\\node_modules\\ajgenesis\\node_modules\\ajgenesis\\node_modules\\ajgenesis\\node_modules\\ajgenesis\\node_modules\\ajgenesis\\node_modules' ]
355 info linkStuff ajgenesisnode-hello@0.0.5
356 verbose linkBins ajgenesisnode-hello@0.0.5
357 verbose linkMans ajgenesisnode-hello@0.0.5
358 verbose rebuildBundles ajgenesisnode-hello@0.0.5
359 info install ajgenesisnode-hello@0.0.5
360 info postinstall ajgenesisnode-hello@0.0.5
361 info install ajgenesis@0.0.13
362 info postinstall ajgenesis@0.0.13
363 verbose rebuild bundle C:\Git\AjGenesisNode\node_modules\ajgenesis\node_modules\ajgenesis\node_modules\ajgenesis\node_modules\ajgenesis\node_modules\ajgenesis\node_modules\ajgenesis\node_modules\ajgenesis\node_modules\ajgenesis\node_modules\ajgenesis\node_modules\ajgenesis\node_modules\ajgenesis\node_modules\ajgenesisnode-hello
364 info build C:\Git\AjGenesisNode\node_modules\ajgenesis\node_modules\ajgenesis\node_modules\ajgenesis\node_modules\ajgenesis\node_modules\ajgenesis\node_modules\ajgenesis\node_modules\ajgenesis\node_modules\ajgenesis\node_modules\ajgenesis\node_modules\ajgenesis\node_modules\ajgenesis\node_modules\ajgenesisnode-hello
365 info preinstall ajgenesisnode-hello@0.0.5
366 verbose linkStuff [ false,
366 verbose linkStuff   false,
366 verbose linkStuff   false,
366 verbose linkStuff   'C:\\Git\\AjGenesisNode\\node_modules\\ajgenesis\\node_modules\\ajgenesis\\node_modules\\ajgenesis\\node_modules\\ajgenesis\\node_modules\\ajgenesis\\node_modules\\ajgenesis\\node_modules\\ajgenesis\\node_modules\\ajgenesis\\node_modules\\ajgenesis\\node_modules\\ajgenesis\\node_modules\\ajgenesis\\node_modules' ]
367 info linkStuff ajgenesisnode-hello@0.0.5
368 verbose linkBins ajgenesisnode-hello@0.0.5
369 verbose linkMans ajgenesisnode-hello@0.0.5
370 verbose rebuildBundles ajgenesisnode-hello@0.0.5
371 info install ajgenesisnode-hello@0.0.5
372 info postinstall ajgenesisnode-hello@0.0.5
373 info install ajgenesis@0.0.13
374 info postinstall ajgenesis@0.0.13
375 verbose rebuild bundle C:\Git\AjGenesisNode\node_modules\ajgenesis\node_modules\ajgenesis\node_modules\ajgenesis\node_modules\ajgenesis\node_modules\ajgenesis\node_modules\ajgenesis\node_modules\ajgenesis\node_modules\ajgenesis\node_modules\ajgenesis\node_modules\ajgenesis\node_modules\ajgenesisnode-hello
376 info build C:\Git\AjGenesisNode\node_modules\ajgenesis\node_modules\ajgenesis\node_modules\ajgenesis\node_modules\ajgenesis\node_modules\ajgenesis\node_modules\ajgenesis\node_modules\ajgenesis\node_modules\ajgenesis\node_modules\ajgenesis\node_modules\ajgenesis\node_modules\ajgenesisnode-hello
377 info preinstall ajgenesisnode-hello@0.0.5
378 verbose linkStuff [ false,
378 verbose linkStuff   false,
378 verbose linkStuff   false,
378 verbose linkStuff   'C:\\Git\\AjGenesisNode\\node_modules\\ajgenesis\\node_modules\\ajgenesis\\node_modules\\ajgenesis\\node_modules\\ajgenesis\\node_modules\\ajgenesis\\node_modules\\ajgenesis\\node_modules\\ajgenesis\\node_modules\\ajgenesis\\node_modules\\ajgenesis\\node_modules\\ajgenesis\\node_modules' ]
379 info linkStuff ajgenesisnode-hello@0.0.5
380 verbose linkBins ajgenesisnode-hello@0.0.5
381 verbose linkMans ajgenesisnode-hello@0.0.5
382 verbose rebuildBundles ajgenesisnode-hello@0.0.5
383 info install ajgenesisnode-hello@0.0.5
384 info postinstall ajgenesisnode-hello@0.0.5
385 info install ajgenesis@0.0.13
386 info postinstall ajgenesis@0.0.13
387 verbose rebuild bundle C:\Git\AjGenesisNode\node_modules\ajgenesis\node_modules\ajgenesis\node_modules\ajgenesis\node_modules\ajgenesis\node_modules\ajgenesis\node_modules\ajgenesis\node_modules\ajgenesis\node_modules\ajgenesis\node_modules\ajgenesis\node_modules\ajgenesisnode-hello
388 info build C:\Git\AjGenesisNode\node_modules\ajgenesis\node_modules\ajgenesis\node_modules\ajgenesis\node_modules\ajgenesis\node_modules\ajgenesis\node_modules\ajgenesis\node_modules\ajgenesis\node_modules\ajgenesis\node_modules\ajgenesis\node_modules\ajgenesisnode-hello
389 info preinstall ajgenesisnode-hello@0.0.5
390 verbose linkStuff [ false,
390 verbose linkStuff   false,
390 verbose linkStuff   false,
390 verbose linkStuff   'C:\\Git\\AjGenesisNode\\node_modules\\ajgenesis\\node_modules\\ajgenesis\\node_modules\\ajgenesis\\node_modules\\ajgenesis\\node_modules\\ajgenesis\\node_modules\\ajgenesis\\node_modules\\ajgenesis\\node_modules\\ajgenesis\\node_modules\\ajgenesis\\node_modules' ]
391 info linkStuff ajgenesisnode-hello@0.0.5
392 verbose linkBins ajgenesisnode-hello@0.0.5
393 verbose linkMans ajgenesisnode-hello@0.0.5
394 verbose rebuildBundles ajgenesisnode-hello@0.0.5
395 info install ajgenesisnode-hello@0.0.5
396 info postinstall ajgenesisnode-hello@0.0.5
397 info install ajgenesis@0.0.13
398 info postinstall ajgenesis@0.0.13
399 verbose rebuild bundle C:\Git\AjGenesisNode\node_modules\ajgenesis\node_modules\ajgenesis\node_modules\ajgenesis\node_modules\ajgenesis\node_modules\ajgenesis\node_modules\ajgenesis\node_modules\ajgenesis\node_modules\ajgenesis\node_modules\ajgenesisnode-hello
400 info build C:\Git\AjGenesisNode\node_modules\ajgenesis\node_modules\ajgenesis\node_modules\ajgenesis\node_modules\ajgenesis\node_modules\ajgenesis\node_modules\ajgenesis\node_modules\ajgenesis\node_modules\ajgenesis\node_modules\ajgenesisnode-hello
401 info preinstall ajgenesisnode-hello@0.0.5
402 verbose linkStuff [ false,
402 verbose linkStuff   false,
402 verbose linkStuff   false,
402 verbose linkStuff   'C:\\Git\\AjGenesisNode\\node_modules\\ajgenesis\\node_modules\\ajgenesis\\node_modules\\ajgenesis\\node_modules\\ajgenesis\\node_modules\\ajgenesis\\node_modules\\ajgenesis\\node_modules\\ajgenesis\\node_modules\\ajgenesis\\node_modules' ]
403 info linkStuff ajgenesisnode-hello@0.0.5
404 verbose linkBins ajgenesisnode-hello@0.0.5
405 verbose linkMans ajgenesisnode-hello@0.0.5
406 verbose rebuildBundles ajgenesisnode-hello@0.0.5
407 info install ajgenesisnode-hello@0.0.5
408 info postinstall ajgenesisnode-hello@0.0.5
409 info install ajgenesis@0.0.13
410 info postinstall ajgenesis@0.0.13
411 verbose rebuild bundle C:\Git\AjGenesisNode\node_modules\ajgenesis\node_modules\ajgenesis\node_modules\ajgenesis\node_modules\ajgenesis\node_modules\ajgenesis\node_modules\ajgenesis\node_modules\ajgenesis\node_modules\ajgenesisnode-hello
412 info build C:\Git\AjGenesisNode\node_modules\ajgenesis\node_modules\ajgenesis\node_modules\ajgenesis\node_modules\ajgenesis\node_modules\ajgenesis\node_modules\ajgenesis\node_modules\ajgenesis\node_modules\ajgenesisnode-hello
413 info preinstall ajgenesisnode-hello@0.0.5
414 verbose linkStuff [ false,
414 verbose linkStuff   false,
414 verbose linkStuff   false,
414 verbose linkStuff   'C:\\Git\\AjGenesisNode\\node_modules\\ajgenesis\\node_modules\\ajgenesis\\node_modules\\ajgenesis\\node_modules\\ajgenesis\\node_modules\\ajgenesis\\node_modules\\ajgenesis\\node_modules\\ajgenesis\\node_modules' ]
415 info linkStuff ajgenesisnode-hello@0.0.5
416 verbose linkBins ajgenesisnode-hello@0.0.5
417 verbose linkMans ajgenesisnode-hello@0.0.5
418 verbose rebuildBundles ajgenesisnode-hello@0.0.5
419 info install ajgenesisnode-hello@0.0.5
420 info postinstall ajgenesisnode-hello@0.0.5
421 error Error: ENOENT, chmod 'C:\Git\AjGenesisNode\node_modules\ajgenesis\node_modules\ajgenesis\node_modules\ajgenesis\node_modules\ajgenesis\node_modules\.bin\ajgenesis.cmd'
422 error If you need help, you may report this *entire* log,
422 error including the npm and node versions, at:
422 error     <http://github.com/npm/npm/issues>
423 error System Windows_NT 6.0.6002
424 error command "C:\\Program Files\\nodejs\\\\node.exe" "C:\\Program Files\\nodejs\\node_modules\\npm\\bin\\npm-cli.js" "link"
425 error cwd C:\Git\AjGenesisNode
426 error node -v v0.10.32
427 error npm -v 1.4.28
428 error path C:\Git\AjGenesisNode\node_modules\ajgenesis\node_modules\ajgenesis\node_modules\ajgenesis\node_modules\ajgenesis\node_modules\.bin\ajgenesis.cmd
429 error code ENOENT
430 error errno 34
431 verbose exit [ 34, true ]
